<?xml version="1.0" encoding="UTF-8"?>
<!-- Generated by org.testng.reporters.JUnitReportReporter -->
<testsuite skipped="0" hostname="HW2300" name="dataproviderutils.DataProviderTest" tests="3" failures="0" timestamp="07 Aug 2018 14:18:57 GMT" time="72.203" errors="0">
  <testcase name="verifyUserLogin" time="16.248" classname="dataproviderutils.DataProviderTest"/>
  <testcase name="verifyUserLogin" time="15.100" classname="dataproviderutils.DataProviderTest"/>
  <testcase name="verifyUserLogin" time="40.855" classname="dataproviderutils.DataProviderTest"/>
</testsuite> <!-- dataproviderutils.DataProviderTest -->
