<?xml version="1.0" encoding="UTF-8"?>
<!-- Generated by org.testng.reporters.JUnitReportReporter -->
<testsuite skipped="0" hostname="HW2300" name="dataproviderutils.DataProviderTest2" tests="2" failures="0" timestamp="08 Aug 2018 08:21:20 GMT" time="0.007" errors="0">
  <testcase name="loginTest" time="0.001" classname="dataproviderutils.DataProviderTest2"/>
  <testcase name="loginTest" time="0.006" classname="dataproviderutils.DataProviderTest2"/>
</testsuite> <!-- dataproviderutils.DataProviderTest2 -->
