<?xml version="1.0" encoding="UTF-8"?>
<!-- Generated by org.testng.reporters.JUnitReportReporter -->
<testsuite skipped="0" hostname="HW2300" name="expexceptionsutils.ExpectedExceptionTest" tests="1" failures="0" timestamp="09 Aug 2018 07:34:33 GMT" time="0.010" errors="0">
  <testcase name="VerifyExpectedExceptions" time="0.010" classname="expexceptionsutils.ExpectedExceptionTest"/>
</testsuite> <!-- expexceptionsutils.ExpectedExceptionTest -->
