<?xml version="1.0" encoding="UTF-8"?>
<!-- Generated by org.testng.reporters.JUnitReportReporter -->
<testsuite skipped="0" hostname="HW2300" name="groupingutils.GroupingTest2" tests="1" failures="0" timestamp="09 Aug 2018 09:40:18 GMT" time="0.002" errors="0">
  <testcase name="verifyGrouping2" time="0.002" classname="groupingutils.GroupingTest2"/>
</testsuite> <!-- groupingutils.GroupingTest2 -->
