<?xml version="1.0" encoding="UTF-8"?>
<!-- Generated by org.testng.reporters.JUnitReportReporter -->
<testsuite skipped="0" hostname="HW2300" name="parameterizationutils.ParameterizationTest1" tests="1" failures="0" timestamp="08 Aug 2018 11:33:55 GMT" time="17.324" errors="0">
  <testcase name="verifyTestNGParameterization" time="17.324" classname="parameterizationutils.ParameterizationTest1"/>
</testsuite> <!-- parameterizationutils.ParameterizationTest1 -->
