<?xml version="1.0" encoding="UTF-8"?>
<!-- Generated by org.testng.reporters.JUnitReportReporter -->
<testsuite skipped="0" hostname="HW2300" name="groupingutils.GroupingTest1" tests="1" failures="0" timestamp="09 Aug 2018 09:40:18 GMT" time="0.008" errors="0">
  <testcase name="verifyGrouping1" time="0.008" classname="groupingutils.GroupingTest1"/>
</testsuite> <!-- groupingutils.GroupingTest1 -->
